<?xml version="1.0" encoding="UTF-8"?>
<!-- Generated by org.testng.reporters.JUnitReportReporter -->
<testsuite hostname="ITPL-0059" failures="0" tests="1" name="PlaywrightTest.ORG_GovernmentBody" time="16.598" errors="0" timestamp="2025-02-11T17:14:32 IST" skipped="0">
  <testcase classname="PlaywrightTest.ORG_GovernmentBody" name="BHASKAR_ORG_GovernmentBody_Publish_Your_ProfileCTA" time="16.598"/>
</testsuite> <!-- PlaywrightTest.ORG_GovernmentBody -->
