<?xml version="1.0" encoding="UTF-8"?>
<!-- Generated by org.testng.reporters.JUnitReportReporter -->
<testsuite hostname="ITPL-0059" failures="0" tests="1" name="PlaywrightTest.ORG_IndustryAssociation" time="14.208" errors="0" timestamp="2025-02-13T10:48:14 IST" skipped="0">
  <testcase classname="PlaywrightTest.ORG_IndustryAssociation" name="BHASKAR_ORG_IndustryAssociation_Complete_your_profile" time="14.208"/>
</testsuite> <!-- PlaywrightTest.ORG_IndustryAssociation -->
