<?xml version="1.0" encoding="UTF-8"?>
<!-- Generated by org.testng.reporters.JUnitReportReporter -->
<testsuite hostname="ITPL-0059" failures="0" tests="1" name="PlaywrightTest.IN_StartupFounder" time="9.689" errors="0" timestamp="2025-02-12T10:09:04 IST" skipped="0">
  <testcase classname="PlaywrightTest.IN_StartupFounder" name="BHASKAR_IN_StartupFounder_Complete_your_profile" time="9.689"/>
</testsuite> <!-- PlaywrightTest.IN_StartupFounder -->
