<?xml version="1.0" encoding="UTF-8"?>
<!-- Generated by org.testng.reporters.JUnitReportReporter -->
<testsuite hostname="ITPL-0059" failures="0" tests="1" name="PlaywrightTest.ORG_Startup" time="21.646" errors="0" timestamp="2025-02-11T16:04:10 IST" skipped="0">
  <testcase classname="PlaywrightTest.ORG_Startup" name="BHASKAR_ORG_Publish_Your_ProfileCTA" time="21.646"/>
</testsuite> <!-- PlaywrightTest.ORG_Startup -->
