<?xml version="1.0" encoding="UTF-8"?>
<!-- Generated by org.testng.reporters.JUnitReportReporter -->
<testsuite hostname="ITPL-0059" failures="0" tests="1" name="PlaywrightTest.LaunchBrowser" time="17.851" errors="0" timestamp="2025-02-07T14:04:39 IST" skipped="0">
  <testcase classname="PlaywrightTest.LaunchBrowser" name="HandellingFramesINPlaywright" time="17.851"/>
</testsuite> <!-- PlaywrightTest.LaunchBrowser -->
