<?xml version="1.0" encoding="UTF-8"?>
<!-- Generated by org.testng.reporters.JUnitReportReporter -->
<testsuite hostname="ITPL-0059" failures="0" tests="1" name="PlaywrightTest.IN_Mentor" time="13.637" errors="0" timestamp="2025-02-21T16:14:14 IST" skipped="0">
  <testcase classname="PlaywrightTest.IN_Mentor" name="BHASKAR_IN_Mentor_Skip_to_your_DashboardCTA" time="13.637"/>
</testsuite> <!-- PlaywrightTest.IN_Mentor -->
