<?xml version="1.0" encoding="UTF-8"?>
<!-- Generated by org.testng.reporters.JUnitReportReporter -->
<testsuite hostname="ITPL-0059" failures="0" tests="1" name="PlaywrightTest.IN_Explorer" time="16.172" errors="0" timestamp="2025-03-04T15:32:02 IST" skipped="0">
  <testcase classname="PlaywrightTest.IN_Explorer" name="BHASKAR_IN_Explorer_Complete_your_profile" time="16.172"/>
</testsuite> <!-- PlaywrightTest.IN_Explorer -->
