<?xml version="1.0" encoding="UTF-8"?>
<!-- Generated by org.testng.reporters.JUnitReportReporter -->
<testsuite hostname="ITPL-0059" failures="0" tests="1" name="PlaywrightTest.ORG_Corporate" time="45.880" errors="0" timestamp="2025-02-11T17:29:17 IST" skipped="0">
  <testcase classname="PlaywrightTest.ORG_Corporate" name="BHASKAR_ORG_Corporate_Startup_Publish_Your_ProfileCTA" time="45.880"/>
</testsuite> <!-- PlaywrightTest.ORG_Corporate -->
