<?xml version="1.0" encoding="UTF-8"?>
<!-- Generated by org.testng.reporters.JUnitReportReporter -->
<testsuite hostname="ITPL-0059" failures="0" tests="1" name="PlaywrightTest.ORG_Incubator" time="17.570" errors="0" timestamp="2025-03-05T18:23:34 IST" skipped="0">
  <testcase classname="PlaywrightTest.ORG_Incubator" name="BHASKAR_ORG_Incubator_Startup_Complete_your_profile" time="17.570"/>
</testsuite> <!-- PlaywrightTest.ORG_Incubator -->
