<?xml version="1.0" encoding="UTF-8"?>
<!-- Generated by org.testng.reporters.JUnitReportReporter -->
<testsuite hostname="ITPL-0059" failures="0" tests="1" name="PlaywrightTest.test" time="22.927" errors="0" timestamp="2025-02-06T18:17:09 IST" skipped="0">
  <testcase classname="PlaywrightTest.test" name="testone" time="22.927"/>
</testsuite> <!-- PlaywrightTest.test -->
