<?xml version="1.0" encoding="UTF-8"?>
<!-- Generated by org.testng.reporters.JUnitReportReporter -->
<testsuite hostname="ITPL-0059" failures="0" tests="1" name="PlaywrightTest.ORG_InstitutionalInvestor" time="18.904" errors="0" timestamp="2025-02-11T17:33:08 IST" skipped="0">
  <testcase classname="PlaywrightTest.ORG_InstitutionalInvestor" name="BHASKAR_ORG_InstitutionalInvestor_Skip_to_your_DashboardCTA" time="18.904"/>
</testsuite> <!-- PlaywrightTest.ORG_InstitutionalInvestor -->
