<?xml version="1.0" encoding="UTF-8"?>
<!-- Generated by org.testng.reporters.JUnitReportReporter -->
<testsuite hostname="ITPL-0059" failures="0" tests="1" name="PlaywrightTest.ORG_Incubator" time="32.969" errors="0" timestamp="2025-02-13T10:41:37 IST" skipped="0">
  <testcase classname="PlaywrightTest.ORG_Incubator" name="BHASKAR_ORG_Incubator_Startup_Complete_your_profile" time="32.969"/>
</testsuite> <!-- PlaywrightTest.ORG_Incubator -->
