<?xml version="1.0" encoding="UTF-8"?>
<!-- Generated by org.testng.reporters.JUnitReportReporter -->
<testsuite hostname="ITPL-0059" failures="0" tests="1" name="PlaywrightTest.ORG_TraditionalBiz" time="28.867" errors="0" timestamp="2025-02-13T10:36:49 IST" skipped="0">
  <testcase classname="PlaywrightTest.ORG_TraditionalBiz" name="BHASKAR_ORG_Startup_Complete_your_profile" time="28.867"/>
</testsuite> <!-- PlaywrightTest.ORG_TraditionalBiz -->
