<?xml version="1.0" encoding="UTF-8"?>
<!-- Generated by org.testng.reporters.JUnitReportReporter -->
<testsuite hostname="ITPL-0059" failures="0" tests="1" name="PlaywrightTest.ORG_ServiceEnabler" time="13.609" errors="0" timestamp="2025-02-11T16:17:42 IST" skipped="0">
  <testcase classname="PlaywrightTest.ORG_ServiceEnabler" name="BHASKAR_ORG_serviceEnabler_Skip_to_your_DashboardCTA" time="13.609"/>
</testsuite> <!-- PlaywrightTest.ORG_ServiceEnabler -->
