<?xml version="1.0" encoding="UTF-8"?>
<!-- Generated by org.testng.reporters.JUnitReportReporter -->
<testsuite hostname="ITPL-0059" failures="0" tests="1" name="PlaywrightTest.ORG_AcademicInstitution" time="14.930" errors="0" timestamp="2025-02-11T17:12:04 IST" skipped="0">
  <testcase classname="PlaywrightTest.ORG_AcademicInstitution" name="BHASKAR_ORG_AcademicInstitution_Skip_to_your_DashboardCTA" time="14.930"/>
</testsuite> <!-- PlaywrightTest.ORG_AcademicInstitution -->
