<?xml version="1.0" encoding="UTF-8"?>
<!-- Generated by org.testng.reporters.JUnitReportReporter -->
<testsuite hostname="ITPL-0059" failures="0" tests="1" name="PlaywrightTest.IN_Enabler" time="17.643" errors="0" timestamp="2025-03-04T16:40:39 IST" skipped="0">
  <testcase classname="PlaywrightTest.IN_Enabler" name="BHASKAR_IN_Enabler_Complete_your_profile" time="17.643"/>
</testsuite> <!-- PlaywrightTest.IN_Enabler -->
