<?xml version="1.0" encoding="UTF-8"?>
<!-- Generated by org.testng.reporters.JUnitReportReporter -->
<testsuite hostname="ITPL-0059" failures="0" tests="1" name="PlaywrightTest.ORG_Accelerator" time="21.698" errors="0" timestamp="2025-02-11T17:27:02 IST" skipped="0">
  <testcase classname="PlaywrightTest.ORG_Accelerator" name="BHASKAR_ORG_Accelerator_Startup_Publish_Your_ProfileCTA" time="21.698"/>
</testsuite> <!-- PlaywrightTest.ORG_Accelerator -->
