<?xml version="1.0" encoding="UTF-8"?>
<!-- Generated by org.testng.reporters.JUnitReportReporter -->
<testsuite hostname="ITPL-0059" failures="0" tests="1" name="PlaywrightTest.IN_StartupFounder01" time="14.293" errors="0" timestamp="2025-02-11T13:00:51 IST" skipped="0">
  <testcase classname="PlaywrightTest.IN_StartupFounder01" name="BHASKAR_Individual_Skip_to_your_DashboardCTA" time="14.293"/>
</testsuite> <!-- PlaywrightTest.IN_StartupFounder01 -->
