<?xml version="1.0" encoding="UTF-8"?>
<!-- Generated by org.testng.reporters.JUnitReportReporter -->
<testsuite hostname="ITPL-0059" failures="0" tests="1" name="PlaywrightTest.IN_Enabler" time="18.727" errors="0" timestamp="2025-02-11T16:56:37 IST" skipped="0">
  <testcase classname="PlaywrightTest.IN_Enabler" name="BHASKAR_IN_Mentor_Skip_to_your_DashboardCTA" time="18.727"/>
</testsuite> <!-- PlaywrightTest.IN_Enabler -->
