<?xml version="1.0" encoding="UTF-8"?>
<!-- Generated by org.testng.reporters.JUnitReportReporter -->
<testsuite hostname="ITPL-0059" failures="0" tests="1" name="BHASKAR_login.IN_StartupFounder" time="17.285" errors="0" timestamp="2025-02-12T16:35:43 IST" skipped="0">
  <testcase classname="BHASKAR_login.IN_StartupFounder" name="CheckPublicFormFor_StartupFounder" time="17.285"/>
</testsuite> <!-- BHASKAR_login.IN_StartupFounder -->
