<?xml version="1.0" encoding="UTF-8"?>
<!-- Generated by org.testng.reporters.JUnitReportReporter -->
<testsuite hostname="ITPL-0059" failures="0" tests="1" name="PlaywrightTest.ORG_Startup" time="17.839" errors="0" timestamp="2025-03-05T18:21:13 IST" skipped="0">
  <testcase classname="PlaywrightTest.ORG_Startup" name="BHASKAR_ORG_Startup_Complete_your_profile" time="17.839"/>
</testsuite> <!-- PlaywrightTest.ORG_Startup -->
