<?xml version="1.0" encoding="UTF-8"?>
<!-- Generated by org.testng.reporters.JUnitReportReporter -->
<testsuite hostname="ITPL-0059" failures="0" tests="1" name="PlaywrightTest.IN_IndividualInvestor" time="13.499" errors="0" timestamp="2025-02-11T16:48:18 IST" skipped="0">
  <testcase classname="PlaywrightTest.IN_IndividualInvestor" name="BHASKAR_Individual_Skip_to_your_DashboardCTA" time="13.499"/>
</testsuite> <!-- PlaywrightTest.IN_IndividualInvestor -->
