<?xml version="1.0" encoding="UTF-8"?>
<!-- Generated by org.testng.reporters.JUnitReportReporter -->
<testsuite hostname="ITPL-0059" failures="0" tests="1" name="PlaywrightTest.ORG_ServiceEnabler" time="29.214" errors="0" timestamp="2025-03-05T18:18:09 IST" skipped="0">
  <testcase classname="PlaywrightTest.ORG_ServiceEnabler" name="BHASKAR_ORG_serviceEnabler_Complete_your_profile" time="29.214"/>
</testsuite> <!-- PlaywrightTest.ORG_ServiceEnabler -->
