<?xml version="1.0" encoding="UTF-8"?>
<!-- Generated by org.testng.reporters.JUnitReportReporter -->
<testsuite hostname="ITPL-0059" failures="0" tests="1" name="PlaywrightTest.IN_Student" time="13.380" errors="0" timestamp="2025-03-05T18:25:14 IST" skipped="0">
  <testcase classname="PlaywrightTest.IN_Student" name="BHASKAR_IN_Student_Complete_your_profile" time="13.380"/>
</testsuite> <!-- PlaywrightTest.IN_Student -->
