<?xml version="1.0" encoding="UTF-8"?>
<!-- Generated by org.testng.reporters.JUnitReportReporter -->
<testsuite hostname="ITPL-0059" failures="0" tests="1" name="PlaywrightTest.IN_Mentor" time="13.811" errors="0" timestamp="2025-02-11T16:51:02 IST" skipped="0">
  <testcase classname="PlaywrightTest.IN_Mentor" name="BHASKAR_Individual_Skip_to_your_DashboardCTA" time="13.811"/>
</testsuite> <!-- PlaywrightTest.IN_Mentor -->
