<?xml version="1.0" encoding="UTF-8"?>
<!-- Generated by org.testng.reporters.JUnitReportReporter -->
<testsuite hostname="ITPL-0059" failures="0" tests="1" name="PlaywrightTest.test" time="0.057" errors="0" timestamp="2025-02-11T13:30:02 IST" skipped="0">
  <testcase classname="PlaywrightTest.test" name="testmenthos" time="0.057"/>
</testsuite> <!-- PlaywrightTest.test -->
