<?xml version="1.0" encoding="UTF-8"?>
<!-- Generated by org.testng.reporters.JUnitReportReporter -->
<testsuite hostname="ITPL-0059" failures="0" tests="1" name="PlaywrightTest.test" time="32.563" errors="0" timestamp="2025-02-07T10:35:17 IST" skipped="0">
  <testcase classname="PlaywrightTest.test" name="testone" time="32.563"/>
</testsuite> <!-- PlaywrightTest.test -->
